0 verbose cli /usr/bin/node /usr/bin/npm
1 info using npm@10.8.2
2 info using node@v18.20.8
3 silly config load:file:/usr/lib/node_modules/npm/npmrc
4 silly config load:file:/root/.npmrc
5 silly config load:file:/usr/etc/npmrc
6 verbose title npm install yarn
7 verbose argv "install" "--global" "yarn"
8 verbose logfile logs-max:10 dir:/root/.npm/_logs/2025-05-20T03_32_10_073Z-
9 verbose logfile /root/.npm/_logs/2025-05-20T03_32_10_073Z-debug-0.log
10 silly packumentCache heap:2197815296 maxSize:549453824 maxEntrySize:274726912
11 silly logfile done cleaning log files
12 silly idealTree buildDeps
13 silly fetch manifest yarn@*
14 silly packumentCache full:https://registry.npmjs.org/yarn cache-miss
15 http fetch GET 200 https://registry.npmjs.org/yarn 120ms (cache miss)
16 silly packumentCache full:https://registry.npmjs.org/yarn set size:undefined disposed:false
17 silly placeDep ROOT yarn@1.22.22 OK for:  want: *
18 http fetch GET 200 https://registry.npmjs.org/npm 214ms
19 silly reify moves {}
20 silly tarball no local data for yarn@https://registry.npmjs.org/yarn/-/yarn-1.22.22.tgz. Extracting by manifest.
21 http fetch GET 200 https://registry.npmjs.org/yarn/-/yarn-1.22.22.tgz 157ms (cache miss)
22 info run yarn@1.22.22 preinstall node_modules/yarn :; (node ./preinstall.js > /dev/null 2>&1 || true)
23 info run yarn@1.22.22 preinstall { code: 0, signal: null }
24 silly ADD node_modules/yarn
25 verbose cwd /root
26 verbose os Linux 5.15.0-25-generic
27 verbose node v18.20.8
28 verbose npm  v10.8.2
29 notice
29 notice New [31mmajor[39m version of npm available! [31m10.8.2[39m -> [34m11.4.0[39m
29 notice Changelog: [34mhttps://github.com/npm/cli/releases/tag/v11.4.0[39m
29 notice To update run: [4mnpm install -g npm@11.4.0[24m
29 notice  { force: true, [Symbol(proc-log.meta)]: true }
30 verbose exit 0
31 info ok
